Arguments: 
  /data/data/com.termux/files/usr/bin/node /data/data/com.termux/files/usr/share/yarn/bin/yarn.js

PATH: 
  /data/data/com.termux/files/usr/bin

Yarn version: 
  1.22.19

Node version: 
  18.12.1

Platform: 
  android arm64

Trace: 
  Error: EPERM: operation not permitted, symlink '../../../../pino/bin.js' -> '/storage/emulated/0/oscar-md/node_modules/@adiwajshing/baileys/node_modules/.bin/pino'

npm manifest: 
  {
      "name": "oscar-md",
      "version": "1.0.2",
      "description": "Oscar Multi Device",
      "depecrated": false,
      "main": "index.js",
      "directories": {
          "lib": "lib",
          "src": "src",
          "plugins": "plugins"
      },
      "scripts": {
          "start": "node index.js"
      },
      "keywords": [
          "termux-whatsapp-bot",
          "whatsapp-bot",
          "whatsapp",
          "js-whatsapp",
          "whatsapp",
          "md-bot",
          "wabot-aq"
      ],
      "homepage": "Soon",
      "author": {
          "name": "Jarot"
      },
      "repository": {
          "type": "git",
          "url": "https://github.com/Whatege/jancok-y"
      },
      "bugs": {
          "url": "https://github.com/Whatege/jancok-y"
      },
      "license": "GPL-3.0-or-later",
      "dependencies": {
          "@adiwajshing/baileys": "4.4.0",
          "@adiwajshing/keyed-db": "0.2.4",
          "@bochilteam/scraper": "^3.0.0",
          "awesome-phonenumber": "^2.68.0",
          "axios": "^0.27.2",
          "brainly-scraper": "^1.0.3",
          "brainly-scraper-v2": "^2.0.9",
          "cfonts": "^2.10.0",
          "chalk": "^4.1.2",
          "cheerio": "^1.0.0-rc.10",
          "colors": "1.4.0",
          "emoji-unicode": "^2.0.1",
          "file-type": "^16.5.3",
          "form-data": "^4.0.0",
          "g-i-s": "^2.1.6",
          "google-it": "^1.6.2",
          "human-readable": "^0.2.1",
          "hxz-api": "^1.0.1",
          "jsdom": "^18.1.1",
          "link-preview-js": "^2.1.15",
          "lodash": "^4.17.21",
          "lowdb": "^3.0.0",
          "moment-timezone": "^0.5.34",
          "mongoose": "^6.4.3",
          "node-fetch": "^3.2.0",
          "node-gtts": "^2.0.2",
          "node-webpmux": "^3.1.1",
          "nodemon": "^2.0.15",
          "os": "^0.1.2",
          "perf_hooks": "^0.0.1",
          "qr-image": "^3.2.0",
          "qrcode": "^1.5.0",
          "qrcode-terminal": "^0.12.0",
          "socket.io": "^4.4.1",
          "readline": "^1.3.0",
          "similarity": "^1.2.1",
          "syntax-error": "^1.4.0",
          "terminal-image": "^2.0.0",
          "tiny-timer": "^1.6.0",
          "translate-google-api": "^1.0.4",
          "url-regex-safe": "^2.1.0",
          "wa-sticker-formatter": "^4.0.14",
          "xfarr-api": "^1.0.3",
          "yargs": "^17.2.1",
          "yt-search": "^2.10.2"
      }
  }

yarn manifest: 
  No manifest

Lockfile: 
  No lockfile
